build/outputs/logs/manifest-merger-debug-report.txt
-- Merging decision tree log ---
manifest
ADDED from qiya\AndroidManifest.xml:2:1-115:12
	package
		ADDED from qiya\AndroidManifest.xml:3:5-33
	android:versionName
		ADDED from qiya\AndroidManifest.xml:5:5-30
		INJECTED from qiya\AndroidManifest.xml
		INJECTED from qiya\AndroidManifest.xml
	android:versionCode
		ADDED from qiya\AndroidManifest.xml:4:5-28
		INJECTED from qiya\AndroidManifest.xml
		INJECTED from qiya\AndroidManifest.xml
	xmlns:android
		ADDED from qiya\AndroidManifest.xml:2:11-69
uses-sdk
ADDED from qiya\AndroidManifest.xml:7:5-9:41
MERGED from [com.android.support:appcompat-v7:24.0.0-alpha1] AndroidManifest.xml:21:5-23:78
MERGED from [com.android.support:support-vector-drawable:24.0.0-alpha1] AndroidManifest.xml:21:5-43
MERGED from [com.android.support:support-v4:24.0.0-alpha1] AndroidManifest.xml:20:5-43
MERGED from [com.android.support:animated-vector-drawable:24.0.0-alpha1] AndroidManifest.xml:20:5-44
MERGED from [com.android.support:support-vector-drawable:24.0.0-alpha1] AndroidManifest.xml:21:5-43
MERGED from [com.android.support:support-v4:24.0.0-alpha1] AndroidManifest.xml:20:5-43
MERGED from [com.android.support:support-v4:24.0.0-alpha1] AndroidManifest.xml:20:5-43
MERGED from [com.android.support:cardview-v7:24.0.0-alpha1] AndroidManifest.xml:20:5-43
MERGED from [com.android.support:recyclerview-v7:24.0.0-alpha1] AndroidManifest.xml:20:5-43
MERGED from [com.android.support:support-v4:24.0.0-alpha1] AndroidManifest.xml:20:5-43
MERGED from [com.android.support:design:24.0.0-alpha1] AndroidManifest.xml:20:5-43
MERGED from [com.android.support:recyclerview-v7:24.0.0-alpha1] AndroidManifest.xml:20:5-43
MERGED from [com.android.support:support-v4:24.0.0-alpha1] AndroidManifest.xml:20:5-43
MERGED from [com.android.support:appcompat-v7:24.0.0-alpha1] AndroidManifest.xml:21:5-23:78
MERGED from [com.android.support:support-vector-drawable:24.0.0-alpha1] AndroidManifest.xml:21:5-43
MERGED from [com.android.support:support-v4:24.0.0-alpha1] AndroidManifest.xml:20:5-43
MERGED from [com.android.support:animated-vector-drawable:24.0.0-alpha1] AndroidManifest.xml:20:5-44
MERGED from [com.android.support:support-vector-drawable:24.0.0-alpha1] AndroidManifest.xml:21:5-43
MERGED from [com.android.support:support-v4:24.0.0-alpha1] AndroidManifest.xml:20:5-43
MERGED from [com.android.support:support-v4:24.0.0-alpha1] AndroidManifest.xml:20:5-43
MERGED from [com.android.support:support-v4:24.0.0-alpha1] AndroidManifest.xml:20:5-43
MERGED from [qiya:MaterialTabsModule:unspecified] AndroidManifest.xml:8:5-11:50
MERGED from [com.github.markushi:android-ui:1.2] AndroidManifest.xml:7:5-44
MERGED from [com.android.support:appcompat-v7:24.0.0-alpha1] AndroidManifest.xml:21:5-23:78
MERGED from [com.android.support:support-vector-drawable:24.0.0-alpha1] AndroidManifest.xml:21:5-43
MERGED from [com.android.support:support-v4:24.0.0-alpha1] AndroidManifest.xml:20:5-43
MERGED from [com.android.support:animated-vector-drawable:24.0.0-alpha1] AndroidManifest.xml:20:5-44
MERGED from [com.android.support:support-vector-drawable:24.0.0-alpha1] AndroidManifest.xml:21:5-43
MERGED from [com.android.support:support-v4:24.0.0-alpha1] AndroidManifest.xml:20:5-43
MERGED from [com.android.support:support-v4:24.0.0-alpha1] AndroidManifest.xml:20:5-43
	tools:overrideLibrary
		ADDED from [com.android.support:appcompat-v7:24.0.0-alpha1] AndroidManifest.xml:23:9-75
	android:targetSdkVersion
		ADDED from qiya\AndroidManifest.xml:9:9-38
	android:minSdkVersion
		ADDED from qiya\AndroidManifest.xml:8:9-35
uses-permission#android.permission.INTERNET
ADDED from qiya\AndroidManifest.xml:12:5-67
	android:name
		ADDED from qiya\AndroidManifest.xml:12:22-64
uses-permission#android.permission.WAKE_LOCK
ADDED from qiya\AndroidManifest.xml:14:5-68
	android:name
		ADDED from qiya\AndroidManifest.xml:14:22-65
uses-permission#android.permission.READ_PHONE_STATE
ADDED from qiya\AndroidManifest.xml:16:5-75
	android:name
		ADDED from qiya\AndroidManifest.xml:16:22-72
uses-permission#android.permission.WRITE_EXTERNAL_STORAGE
ADDED from qiya\AndroidManifest.xml:18:5-81
	android:name
		ADDED from qiya\AndroidManifest.xml:18:22-78
uses-permission#android.permission.READ_EXTERNAL_STORAGE
ADDED from qiya\AndroidManifest.xml:20:5-80
	android:name
		ADDED from qiya\AndroidManifest.xml:20:22-77
uses-permission#android.permission.WRITE_SETTINGS
ADDED from qiya\AndroidManifest.xml:22:5-73
	android:name
		ADDED from qiya\AndroidManifest.xml:22:22-70
uses-permission#android.permission.VIBRATE
ADDED from qiya\AndroidManifest.xml:24:5-66
	android:name
		ADDED from qiya\AndroidManifest.xml:24:22-63
uses-permission#android.permission.MOUNT_UNMOUNT_FILESYSTEMS
ADDED from qiya\AndroidManifest.xml:26:5-84
	android:name
		ADDED from qiya\AndroidManifest.xml:26:22-81
uses-permission#android.permission.ACCESS_NETWORK_STATE
ADDED from qiya\AndroidManifest.xml:28:5-79
	android:name
		ADDED from qiya\AndroidManifest.xml:28:22-76
uses-permission#android.permission.SYSTEM_ALERT_WINDOW
ADDED from qiya\AndroidManifest.xml:30:5-78
	android:name
		ADDED from qiya\AndroidManifest.xml:30:22-75
uses-permission#android.permission.ACCESS_COARSE_LOCATION
ADDED from qiya\AndroidManifest.xml:32:5-81
	android:name
		ADDED from qiya\AndroidManifest.xml:32:22-78
uses-permission#android.permission.ACCESS_WIFI_STATE
ADDED from qiya\AndroidManifest.xml:33:5-76
	android:name
		ADDED from qiya\AndroidManifest.xml:33:22-73
uses-permission#android.permission.CHANGE_WIFI_STATE
ADDED from qiya\AndroidManifest.xml:34:5-76
	android:name
		ADDED from qiya\AndroidManifest.xml:34:22-73
uses-permission#android.permission.ACCESS_FINE_LOCATION
ADDED from qiya\AndroidManifest.xml:35:5-79
	android:name
		ADDED from qiya\AndroidManifest.xml:35:22-76
uses-permission#android.permission.ACCESS_LOCATION_EXTRA_COMMANDS
ADDED from qiya\AndroidManifest.xml:36:5-89
	android:name
		ADDED from qiya\AndroidManifest.xml:36:22-86
uses-permission#android.permission.CHANGE_NETWORK_STATE
ADDED from qiya\AndroidManifest.xml:37:5-79
	android:name
		ADDED from qiya\AndroidManifest.xml:37:22-76
uses-permission#android.permission.CHANGE_CONFIGURATION
ADDED from qiya\AndroidManifest.xml:38:5-79
	android:name
		ADDED from qiya\AndroidManifest.xml:38:22-76
uses-permission#android.permission.CAMERA
ADDED from qiya\AndroidManifest.xml:40:5-65
	android:name
		ADDED from qiya\AndroidManifest.xml:40:22-62
uses-permission#android.permission.MODIFY_AUDIO_SETTINGS
ADDED from qiya\AndroidManifest.xml:42:5-80
	android:name
		ADDED from qiya\AndroidManifest.xml:42:22-77
uses-permission#android.permission.RECORD_AUDIO
ADDED from qiya\AndroidManifest.xml:44:5-71
	android:name
		ADDED from qiya\AndroidManifest.xml:44:22-68
application
ADDED from qiya\AndroidManifest.xml:46:5-113:19
MERGED from [com.android.support:appcompat-v7:24.0.0-alpha1] AndroidManifest.xml:25:5-20
MERGED from [com.android.support:support-vector-drawable:24.0.0-alpha1] AndroidManifest.xml:23:5-20
MERGED from [com.android.support:support-v4:24.0.0-alpha1] AndroidManifest.xml:22:5-20
MERGED from [com.android.support:animated-vector-drawable:24.0.0-alpha1] AndroidManifest.xml:22:5-20
MERGED from [com.android.support:support-vector-drawable:24.0.0-alpha1] AndroidManifest.xml:23:5-20
MERGED from [com.android.support:support-v4:24.0.0-alpha1] AndroidManifest.xml:22:5-20
MERGED from [com.android.support:support-v4:24.0.0-alpha1] AndroidManifest.xml:22:5-20
MERGED from [com.android.support:cardview-v7:24.0.0-alpha1] AndroidManifest.xml:22:5-20
MERGED from [com.android.support:support-v4:24.0.0-alpha1] AndroidManifest.xml:22:5-20
MERGED from [com.android.support:design:24.0.0-alpha1] AndroidManifest.xml:22:5-20
MERGED from [com.android.support:support-v4:24.0.0-alpha1] AndroidManifest.xml:22:5-20
MERGED from [com.android.support:appcompat-v7:24.0.0-alpha1] AndroidManifest.xml:25:5-20
MERGED from [com.android.support:support-vector-drawable:24.0.0-alpha1] AndroidManifest.xml:23:5-20
MERGED from [com.android.support:support-v4:24.0.0-alpha1] AndroidManifest.xml:22:5-20
MERGED from [com.android.support:animated-vector-drawable:24.0.0-alpha1] AndroidManifest.xml:22:5-20
MERGED from [com.android.support:support-vector-drawable:24.0.0-alpha1] AndroidManifest.xml:23:5-20
MERGED from [com.android.support:support-v4:24.0.0-alpha1] AndroidManifest.xml:22:5-20
MERGED from [com.android.support:support-v4:24.0.0-alpha1] AndroidManifest.xml:22:5-20
MERGED from [com.android.support:support-v4:24.0.0-alpha1] AndroidManifest.xml:22:5-20
MERGED from [com.github.markushi:android-ui:1.2] AndroidManifest.xml:9:5-10:19
MERGED from [com.android.support:appcompat-v7:24.0.0-alpha1] AndroidManifest.xml:25:5-20
MERGED from [com.android.support:support-vector-drawable:24.0.0-alpha1] AndroidManifest.xml:23:5-20
MERGED from [com.android.support:support-v4:24.0.0-alpha1] AndroidManifest.xml:22:5-20
MERGED from [com.android.support:animated-vector-drawable:24.0.0-alpha1] AndroidManifest.xml:22:5-20
MERGED from [com.android.support:support-vector-drawable:24.0.0-alpha1] AndroidManifest.xml:23:5-20
MERGED from [com.android.support:support-v4:24.0.0-alpha1] AndroidManifest.xml:22:5-20
MERGED from [com.android.support:support-v4:24.0.0-alpha1] AndroidManifest.xml:22:5-20
	android:label
		ADDED from qiya\AndroidManifest.xml:49:9-41
	android:allowBackup
		ADDED from qiya\AndroidManifest.xml:47:9-35
	android:icon
		ADDED from qiya\AndroidManifest.xml:48:9-44
	android:theme
		ADDED from qiya\AndroidManifest.xml:50:9-44
activity#com.skystudio.qiya.welcome.WelcomeActivity
ADDED from qiya\AndroidManifest.xml:51:9-60:20
	android:label
		ADDED from qiya\AndroidManifest.xml:53:13-45
	android:name
		ADDED from qiya\AndroidManifest.xml:52:13-52
intent-filter#android.intent.action.MAIN+android.intent.category.LAUNCHER
ADDED from qiya\AndroidManifest.xml:55:13-59:29
action#android.intent.action.MAIN
ADDED from qiya\AndroidManifest.xml:56:17-69
	android:name
		ADDED from qiya\AndroidManifest.xml:56:25-66
category#android.intent.category.LAUNCHER
ADDED from qiya\AndroidManifest.xml:58:17-77
	android:name
		ADDED from qiya\AndroidManifest.xml:58:27-74
activity#com.skystudio.qiya.welcome.LoadActivity
ADDED from qiya\AndroidManifest.xml:61:9-58
	android:name
		ADDED from qiya\AndroidManifest.xml:61:19-55
activity#com.skystudio.qiya.welcome.RegisterActivity
ADDED from qiya\AndroidManifest.xml:62:9-62
	android:name
		ADDED from qiya\AndroidManifest.xml:62:19-59
activity#com.skystudio.qiya.fragments.QiyaActivity
ADDED from qiya\AndroidManifest.xml:63:9-73:20
	android:label
		ADDED from qiya\AndroidManifest.xml:65:13-56
	android:windowSoftInputMode
		ADDED from qiya\AndroidManifest.xml:66:13-52
	android:name
		ADDED from qiya\AndroidManifest.xml:64:13-51
service#com.skystudio.qiya.musicplayer.FloatService
ADDED from qiya\AndroidManifest.xml:75:9-61
	android:name
		ADDED from qiya\AndroidManifest.xml:75:18-58
service#com.skystudio.qiya.musicplayer.MusicPlayService
ADDED from qiya\AndroidManifest.xml:76:9-65
	android:name
		ADDED from qiya\AndroidManifest.xml:76:18-62
activity#com.skystudio.qiya.musicplayer.MusicplayerActivity
ADDED from qiya\AndroidManifest.xml:78:9-80:66
	android:label
		ADDED from qiya\AndroidManifest.xml:80:13-63
	android:name
		ADDED from qiya\AndroidManifest.xml:79:13-60
activity#com.imsdk.chat.ChatActivity
ADDED from qiya\AndroidManifest.xml:81:9-84:51
	android:label
		ADDED from qiya\AndroidManifest.xml:83:13-56
	android:theme
		ADDED from qiya\AndroidManifest.xml:84:13-48
	android:name
		ADDED from qiya\AndroidManifest.xml:82:13-55
activity#com.skystudio.qiya.shares.ToShareActivity
ADDED from qiya\AndroidManifest.xml:85:9-88:52
	android:label
		ADDED from qiya\AndroidManifest.xml:87:13-60
	android:theme
		ADDED from qiya\AndroidManifest.xml:88:13-49
	android:name
		ADDED from qiya\AndroidManifest.xml:86:13-51
activity#com.skystudio.qiya.shares.ShareActivity
ADDED from qiya\AndroidManifest.xml:89:9-91:60
	android:label
		ADDED from qiya\AndroidManifest.xml:91:13-57
	android:name
		ADDED from qiya\AndroidManifest.xml:90:13-49
activity#com.skystudio.qiya.musicplayer.MusicSeerchActivity
ADDED from qiya\AndroidManifest.xml:92:9-94:67
	android:label
		ADDED from qiya\AndroidManifest.xml:94:13-64
	android:name
		ADDED from qiya\AndroidManifest.xml:93:13-60
activity#com.skystudio.qiya.ui.activity.QiyaActivity
ADDED from qiya\AndroidManifest.xml:95:9-103:20
	android:theme
		ADDED from qiya\AndroidManifest.xml:97:13-48
	android:name
		ADDED from qiya\AndroidManifest.xml:96:13-53
activity#com.skystudio.qiya.ui.activity.ShowActivity
ADDED from qiya\AndroidManifest.xml:104:9-107:20
	android:theme
		ADDED from qiya\AndroidManifest.xml:106:13-48
	android:name
		ADDED from qiya\AndroidManifest.xml:105:13-53
activity#com.skystudio.qiya.ui.activity.TestActivity
ADDED from qiya\AndroidManifest.xml:108:9-112:20
	android:label
		ADDED from qiya\AndroidManifest.xml:110:13-56
	android:theme
		ADDED from qiya\AndroidManifest.xml:111:13-48
	android:name
		ADDED from qiya\AndroidManifest.xml:109:13-53